#
# There is insufficient memory for the Java Runtime Environment to continue.
# Native memory allocation (malloc) failed to allocate 722736 bytes for Chunk::new
# Possible reasons:
#   The system is out of physical RAM or swap space
#   In 32 bit mode, the process size limit was hit
# Possible solutions:
#   Reduce memory load on the system
#   Increase physical memory or swap space
#   Check if swap backing store is full
#   Use 64 bit Java on a 64 bit OS
#   Decrease Java heap size (-Xmx/-Xms)
#   Decrease number of Java threads
#   Decrease Java thread stack sizes (-Xss)
#   Set larger code cache with -XX:ReservedCodeCacheSize=
# This output file may be truncated or incomplete.
#
#  Out of Memory Error (allocation.cpp:390), pid=841576, tid=847660
#
# JRE version: Java(TM) SE Runtime Environment (8.0_91-b15) (build 1.8.0_91-b15)
# Java VM: Java HotSpot(TM) 64-Bit Server VM (25.91-b15 mixed mode windows-amd64 compressed oops)
# Failed to write core dump. Minidumps are not enabled by default on client versions of Windows
#

---------------  T H R E A D  ---------------

Current thread (0x0000000019eac800):  JavaThread "C2 CompilerThread1" daemon [_thread_in_native, id=847660, stack(0x000000001b8b0000,0x000000001b9b0000)]

Stack: [0x000000001b8b0000,0x000000001b9b0000]
[error occurred during error reporting (printing stack bounds), id 0xc0000005]

Native frames: (J=compiled Java code, j=interpreted, Vv=VM code, C=native code)


Current CompileTask:
C2:  62354 3344       4       java.net.URLClassLoader$1::run (5 bytes)


---------------  P R O C E S S  ---------------

Java Threads: ( => current thread )
  0x000000001b234000 JavaThread "Service Thread" daemon [_thread_blocked, id=848404, stack(0x000000001bab0000,0x000000001bbb0000)]
  0x000000001b1c0000 JavaThread "C1 CompilerThread2" daemon [_thread_blocked, id=848308, stack(0x000000001b9b0000,0x000000001bab0000)]
=>0x0000000019eac800 JavaThread "C2 CompilerThread1" daemon [_thread_in_native, id=847660, stack(0x000000001b8b0000,0x000000001b9b0000)]
  0x0000000019ea9000 JavaThread "C2 CompilerThread0" daemon [_thread_in_native, id=850224, stack(0x000000001b7b0000,0x000000001b8b0000)]
  0x0000000019ea8000 JavaThread "Attach Listener" daemon [_thread_blocked, id=846844, stack(0x000000001b6b0000,0x000000001b7b0000)]
  0x0000000019e5d800 JavaThread "Signal Dispatcher" daemon [_thread_blocked, id=843340, stack(0x000000001b5b0000,0x000000001b6b0000)]
  0x0000000002a1b000 JavaThread "Finalizer" daemon [_thread_blocked, id=850828, stack(0x000000001b0b0000,0x000000001b1b0000)]
  0x0000000002a10000 JavaThread "Reference Handler" daemon [_thread_blocked, id=847672, stack(0x000000001afb0000,0x000000001b0b0000)]
  0x0000000002920800 JavaThread "main" [_thread_in_native, id=850744, stack(0x0000000001080000,0x0000000001180000)]

Other Threads:
  0x0000000019e18000 VMThread [stack: 0x000000001aeb0000,0x000000001afb0000] [id=848544]
  0x000000001b286800 WatcherThread [stack: 0x000000001bbb0000,0x000000001bcb0000] [id=850268]

VM state:not at safepoint (normal execution)

VM Mutex/Monitor currently owned by a thread: None

Heap:
 PSYoungGen      total 57856K, used 10714K [0x0000000780b80000, 0x0000000785080000, 0x00000007c0000000)
  eden space 47104K, 5% used [0x0000000780b80000,0x0000000780e3e8d0,0x0000000783980000)
  from space 10752K, 73% used [0x0000000784600000,0x0000000784db8050,0x0000000785080000)
  to   space 11776K, 0% used [0x0000000783980000,0x0000000783980000,0x0000000784500000)
 ParOldGen       total 130048K, used 9602K [0x0000000702200000, 0x000000070a100000, 0x0000000780b80000)
  object space 130048K, 7% used [0x0000000702200000,0x0000000702b60b08,0x000000070a100000)
 Metaspace       used 17682K, capacity 18118K, committed 18432K, reserved 1064960K
  class space    used 2085K, capacity 2201K, committed 2304K, reserved 1048576K

Card table byte_map: [0x00000000121e0000,0x00000000127d0000] byte_map_base: 0x000000000e9cf000

Marking Bits: (ParMarkBitMap*) 0x0000000063fe2f70
 Begin Bits: [0x0000000012fd0000, 0x0000000015f48000)
 End Bits:   [0x0000000015f48000, 0x0000000018ec0000)

Polling page: 0x0000000000c10000

CodeCache: size=245760Kb used=10351Kb max_used=10716Kb free=235408Kb
 bounds [0x0000000002e20000, 0x00000000038d0000, 0x0000000011e20000]
 total_blobs=3327 nmethods=2974 adapters=265
 compilation: enabled

Compilation events (10 events):
Event: 62.182 Thread 0x000000001b1c0000 3356       3       java.io.File::<init> (47 bytes)
Event: 62.183 Thread 0x000000001b1c0000 nmethod 3356 0x00000000033d6dd0 code [0x00000000033d6f60, 0x00000000033d72e8]
Event: 62.183 Thread 0x000000001b1c0000 3351       3       com.sun.tools.javac.util.List::<init> (15 bytes)
Event: 62.183 Thread 0x000000001b1c0000 nmethod 3351 0x0000000003318f90 code [0x0000000003319100, 0x0000000003319350]
Event: 62.183 Thread 0x000000001b1c0000 3354       3       com.sun.tools.javac.util.ListBuffer::append (66 bytes)
Event: 62.183 Thread 0x000000001b1c0000 nmethod 3354 0x00000000033185d0 code [0x0000000003318760, 0x0000000003318d28]
Event: 62.183 Thread 0x000000001b1c0000 3352       3       com.sun.tools.javac.util.BaseFileManager::nullCheck (7 bytes)
Event: 62.183 Thread 0x000000001b1c0000 nmethod 3352 0x00000000035e3dd0 code [0x00000000035e3f20, 0x00000000035e40f0]
Event: 62.183 Thread 0x000000001b1c0000 3355       3       com.sun.tools.javac.util.List::of (12 bytes)
Event: 62.183 Thread 0x000000001b1c0000 nmethod 3355 0x0000000003317f90 code [0x0000000003318100, 0x0000000003318430]

GC Heap History (10 events):
Event: 3.647 GC heap before
{Heap before GC invocations=2 (full 0):
 PSYoungGen      total 56832K, used 56829K [0x0000000780b80000, 0x0000000784a80000, 0x00000007c0000000)
  eden space 49152K, 100% used [0x0000000780b80000,0x0000000783b80000,0x0000000783b80000)
  from space 7680K, 99% used [0x0000000783b80000,0x00000007842ff458,0x0000000784300000)
  to   space 7680K, 0% used [0x0000000784300000,0x0000000784300000,0x0000000784a80000)
 ParOldGen       total 130048K, used 496K [0x0000000702200000, 0x000000070a100000, 0x0000000780b80000)
  object space 130048K, 0% used [0x0000000702200000,0x000000070227c368,0x000000070a100000)
 Metaspace       used 14948K, capacity 15246K, committed 15488K, reserved 1062912K
  class space    used 1828K, capacity 1911K, committed 1920K, reserved 1048576K
Event: 3.671 GC heap after
Heap after GC invocations=2 (full 0):
 PSYoungGen      total 56832K, used 7650K [0x0000000780b80000, 0x0000000784a80000, 0x00000007c0000000)
  eden space 49152K, 0% used [0x0000000780b80000,0x0000000780b80000,0x0000000783b80000)
  from space 7680K, 99% used [0x0000000784300000,0x0000000784a78980,0x0000000784a80000)
  to   space 7680K, 0% used [0x0000000783b80000,0x0000000783b80000,0x0000000784300000)
 ParOldGen       total 130048K, used 3037K [0x0000000702200000, 0x000000070a100000, 0x0000000780b80000)
  object space 130048K, 2% used [0x0000000702200000,0x00000007024f74e8,0x000000070a100000)
 Metaspace       used 14948K, capacity 15246K, committed 15488K, reserved 1062912K
  class space    used 1828K, capacity 1911K, committed 1920K, reserved 1048576K
}
Event: 22.656 GC heap before
{Heap before GC invocations=3 (full 0):
 PSYoungGen      total 56832K, used 56802K [0x0000000780b80000, 0x0000000784a80000, 0x00000007c0000000)
  eden space 49152K, 100% used [0x0000000780b80000,0x0000000783b80000,0x0000000783b80000)
  from space 7680K, 99% used [0x0000000784300000,0x0000000784a78980,0x0000000784a80000)
  to   space 7680K, 0% used [0x0000000783b80000,0x0000000783b80000,0x0000000784300000)
 ParOldGen       total 130048K, used 3037K [0x0000000702200000, 0x000000070a100000, 0x0000000780b80000)
  object space 130048K, 2% used [0x0000000702200000,0x00000007024f74e8,0x000000070a100000)
 Metaspace       used 15348K, capacity 15646K, committed 15872K, reserved 1062912K
  class space    used 1837K, capacity 1951K, committed 2048K, reserved 1048576K
Event: 22.667 GC heap after
Heap after GC invocations=3 (full 0):
 PSYoungGen      total 56832K, used 7648K [0x0000000780b80000, 0x0000000784a80000, 0x00000007c0000000)
  eden space 49152K, 0% used [0x0000000780b80000,0x0000000780b80000,0x0000000783b80000)
  from space 7680K, 99% used [0x0000000783b80000,0x00000007842f8030,0x0000000784300000)
  to   space 7680K, 0% used [0x0000000784300000,0x0000000784300000,0x0000000784a80000)
 ParOldGen       total 130048K, used 5053K [0x0000000702200000, 0x000000070a100000, 0x0000000780b80000)
  object space 130048K, 3% used [0x0000000702200000,0x00000007026ef4e8,0x000000070a100000)
 Metaspace       used 15348K, capacity 15646K, committed 15872K, reserved 1062912K
  class space    used 1837K, capacity 1951K, committed 2048K, reserved 1048576K
}
Event: 50.137 GC heap before
{Heap before GC invocations=4 (full 0):
 PSYoungGen      total 56832K, used 56800K [0x0000000780b80000, 0x0000000784a80000, 0x00000007c0000000)
  eden space 49152K, 100% used [0x0000000780b80000,0x0000000783b80000,0x0000000783b80000)
  from space 7680K, 99% used [0x0000000783b80000,0x00000007842f8030,0x0000000784300000)
  to   space 7680K, 0% used [0x0000000784300000,0x0000000784300000,0x0000000784a80000)
 ParOldGen       total 130048K, used 5053K [0x0000000702200000, 0x000000070a100000, 0x0000000780b80000)
  object space 130048K, 3% used [0x0000000702200000,0x00000007026ef4e8,0x000000070a100000)
 Metaspace       used 16350K, capacity 16770K, committed 16896K, reserved 1064960K
  class space    used 1933K, capacity 2025K, committed 2048K, reserved 1048576K
Event: 50.145 GC heap after
Heap after GC invocations=4 (full 0):
 PSYoungGen      total 56832K, used 7648K [0x0000000780b80000, 0x0000000784a80000, 0x00000007c0000000)
  eden space 49152K, 0% used [0x0000000780b80000,0x0000000780b80000,0x0000000783b80000)
  from space 7680K, 99% used [0x0000000784300000,0x0000000784a78050,0x0000000784a80000)
  to   space 7680K, 0% used [0x0000000783b80000,0x0000000783b80000,0x0000000784300000)
 ParOldGen       total 130048K, used 8161K [0x0000000702200000, 0x000000070a100000, 0x0000000780b80000)
  object space 130048K, 6% used [0x0000000702200000,0x00000007029f8740,0x000000070a100000)
 Metaspace       used 16350K, capacity 16770K, committed 16896K, reserved 1064960K
  class space    used 1933K, capacity 2025K, committed 2048K, reserved 1048576K
}
Event: 54.493 GC heap before
{Heap before GC invocations=5 (full 0):
 PSYoungGen      total 56832K, used 56800K [0x0000000780b80000, 0x0000000784a80000, 0x00000007c0000000)
  eden space 49152K, 100% used [0x0000000780b80000,0x0000000783b80000,0x0000000783b80000)
  from space 7680K, 99% used [0x0000000784300000,0x0000000784a78050,0x0000000784a80000)
  to   space 7680K, 0% used [0x0000000783b80000,0x0000000783b80000,0x0000000784300000)
 ParOldGen       total 130048K, used 8161K [0x0000000702200000, 0x000000070a100000, 0x0000000780b80000)
  object space 130048K, 6% used [0x0000000702200000,0x00000007029f8740,0x000000070a100000)
 Metaspace       used 16770K, capacity 17202K, committed 17536K, reserved 1064960K
  class space    used 1963K, capacity 2065K, committed 2176K, reserved 1048576K
Event: 54.501 GC heap after
Heap after GC invocations=5 (full 0):
 PSYoungGen      total 55808K, used 7656K [0x0000000780b80000, 0x0000000785180000, 0x00000007c0000000)
  eden space 48128K, 0% used [0x0000000780b80000,0x0000000780b80000,0x0000000783a80000)
  from space 7680K, 99% used [0x0000000783b80000,0x00000007842fa050,0x0000000784300000)
  to   space 11776K, 0% used [0x0000000784600000,0x0000000784600000,0x0000000785180000)
 ParOldGen       total 130048K, used 9602K [0x0000000702200000, 0x000000070a100000, 0x0000000780b80000)
  object space 130048K, 7% used [0x0000000702200000,0x0000000702b60b08,0x000000070a100000)
 Metaspace       used 16770K, capacity 17202K, committed 17536K, reserved 1064960K
  class space    used 1963K, capacity 2065K, committed 2176K, reserved 1048576K
}
Event: 61.855 GC heap before
{Heap before GC invocations=6 (full 0):
 PSYoungGen      total 55808K, used 55784K [0x0000000780b80000, 0x0000000785180000, 0x00000007c0000000)
  eden space 48128K, 100% used [0x0000000780b80000,0x0000000783a80000,0x0000000783a80000)
  from space 7680K, 99% used [0x0000000783b80000,0x00000007842fa050,0x0000000784300000)
  to   space 11776K, 0% used [0x0000000784600000,0x0000000784600000,0x0000000785180000)
 ParOldGen       total 130048K, used 9602K [0x0000000702200000, 0x000000070a100000, 0x0000000780b80000)
  object space 130048K, 7% used [0x0000000702200000,0x0000000702b60b08,0x000000070a100000)
 Metaspace       used 16867K, capacity 17330K, committed 17536K, reserved 1064960K
  class space    used 1969K, capacity 2065K, committed 2176K, reserved 1048576K
Event: 61.870 GC heap after
Heap after GC invocations=6 (full 0):
 PSYoungGen      total 57856K, used 7904K [0x0000000780b80000, 0x0000000785080000, 0x00000007c0000000)
  eden space 47104K, 0% used [0x0000000780b80000,0x0000000780b80000,0x0000000783980000)
  from space 10752K, 73% used [0x0000000784600000,0x0000000784db8050,0x0000000785080000)
  to   space 11776K, 0% used [0x0000000783980000,0x0000000783980000,0x0000000784500000)
 ParOldGen       total 130048K, used 9602K [0x0000000702200000, 0x000000070a100000, 0x0000000780b80000)
  object space 130048K, 7% used [0x0000000702200000,0x0000000702b60b08,0x000000070a100000)
 Metaspace       used 16867K, capacity 17330K, committed 17536K, reserved 1064960K
  class space    used 1969K, capacity 2065K, committed 2176K, reserved 1048576K
}

Deoptimization events (10 events):
Event: 40.389 Thread 0x0000000002920800 Uncommon trap: reason=bimorphic action=maybe_recompile pc=0x0000000003340280 method=java.util.regex.Pattern$CharProperty.match(Ljava/util/regex/Matcher;ILjava/lang/CharSequence;)Z @ 37
Event: 40.396 Thread 0x0000000002920800 Uncommon trap: reason=null_check action=make_not_entrant pc=0x0000000003628d5c method=com.google.inject.internal.InjectorImpl.callInContext(Lcom/google/inject/internal/ContextualCallable;)Ljava/lang/Object; @ 7
Event: 40.396 Thread 0x0000000002920800 Uncommon trap: reason=unstable_if action=reinterpret pc=0x0000000003061df8 method=java.util.IdentityHashMap.closeDeletion(I)V @ 55
Event: 52.653 Thread 0x0000000002920800 Uncommon trap: reason=unstable_if action=reinterpret pc=0x00000000030587f4 method=org.eclipse.aether.util.graph.transformer.ConflictResolver$State.deriveOptional(Lorg/eclipse/aether/graph/DependencyNode;Ljava/lang/Object;)Z @ 34
Event: 52.662 Thread 0x0000000002920800 Uncommon trap: reason=class_check action=maybe_recompile pc=0x000000000370361c method=org.eclipse.sisu.wire.EntryListAdapter$ValueIterator.hasNext()Z @ 4
Event: 52.822 Thread 0x0000000002920800 Uncommon trap: reason=bimorphic action=maybe_recompile pc=0x0000000003340280 method=java.util.regex.Pattern$CharProperty.match(Ljava/util/regex/Matcher;ILjava/lang/CharSequence;)Z @ 37
Event: 52.827 Thread 0x0000000002920800 Uncommon trap: reason=unstable_if action=reinterpret pc=0x0000000003872b88 method=com.google.inject.internal.InjectorImpl.callInContext(Lcom/google/inject/internal/ContextualCallable;)Ljava/lang/Object; @ 161
Event: 61.601 Thread 0x0000000002920800 Uncommon trap: reason=unstable_if action=reinterpret pc=0x000000000309bef4 method=org.codehaus.plexus.util.SelectorUtils.matchAntPathPattern(Ljava/lang/String;Ljava/lang/String;Z)Z @ 70
Event: 61.909 Thread 0x0000000002920800 Uncommon trap: reason=predicate action=maybe_recompile pc=0x00000000035352c8 method=sun.misc.Resource.getBytes()[B @ 53
Event: 61.910 Thread 0x0000000002920800 Uncommon trap: reason=predicate action=maybe_recompile pc=0x00000000035043e4 method=sun.misc.Resource.getBytes()[B @ 53

Internal exceptions (10 events):
Event: 1.744 Thread 0x0000000002920800 Exception <a 'java/lang/NullPointerException'> (0x0000000782198950) thrown at [C:\re\workspace\8-2-build-windows-amd64-cygwin\jdk8u91\7017\hotspot\src\share\vm\interpreter\linkResolver.cpp, line 1178]
Event: 1.744 Thread 0x0000000002920800 Exception <a 'java/lang/NullPointerException'> (0x0000000782198b68) thrown at [C:\re\workspace\8-2-build-windows-amd64-cygwin\jdk8u91\7017\hotspot\src\share\vm\interpreter\linkResolver.cpp, line 1178]
Event: 2.913 Thread 0x0000000002920800 Implicit null exception at 0x00000000033c3875 to 0x00000000033c3c75
Event: 2.986 Thread 0x0000000002920800 Implicit null exception at 0x00000000031aa695 to 0x00000000031aa895
Event: 2.986 Thread 0x0000000002920800 Implicit null exception at 0x00000000030c5c2f to 0x00000000030c5c99
Event: 3.232 Thread 0x0000000002920800 Implicit null exception at 0x0000000003377d63 to 0x0000000003377e51
Event: 3.232 Thread 0x0000000002920800 Implicit null exception at 0x00000000031258bb to 0x0000000003125ebd
Event: 40.396 Thread 0x0000000002920800 Implicit null exception at 0x0000000003627bb7 to 0x0000000003628d4d
Event: 52.827 Thread 0x0000000002920800 Implicit null exception at 0x0000000003871829 to 0x0000000003872b76
Event: 61.906 Thread 0x0000000002920800 Exception <a 'java/lang/ClassNotFoundException': com/sun/tools/javac/api/JavacTool> (0x0000000780be6018) thrown at [C:\re\workspace\8-2-build-windows-amd64-cygwin\jdk8u91\7017\hotspot\src\share\vm\classfile\systemDictionary.cpp, line 210]

Events (10 events):
Event: 62.181 loading class com/sun/tools/javac/file/ZipFileIndexCache
Event: 62.181 loading class com/sun/tools/javac/file/ZipFileIndexCache done
Event: 62.182 loading class com/sun/tools/javac/util/ListBuffer
Event: 62.182 loading class com/sun/tools/javac/util/ListBuffer done
Event: 62.183 loading class com/sun/tools/javac/file/RegularFileObject
Event: 62.183 loading class com/sun/tools/javac/file/RegularFileObject done
Event: 62.183 loading class com/sun/tools/javac/file/BaseFileObject
Event: 62.183 loading class com/sun/tools/javac/file/BaseFileObject done
Event: 62.183 loading class com/sun/tools/javac/file/BaseFileObject$CannotCreateUriError
Event: 62.183 loading class com/sun/tools/javac/file/BaseFileObject$CannotCreateUriError done


Dynamic libraries:
0x00007ff7000c0000 - 0x00007ff7000f7000 	D:\JAVA\jdk1.8.0_91\bin\java.exe
0x00007ffe6ec80000 - 0x00007ffe6ee52000 	C:\Windows\SYSTEM32\ntdll.dll
0x00007ffe6c7b0000 - 0x00007ffe6c85c000 	C:\Windows\System32\KERNEL32.DLL
0x00007ffe6b640000 - 0x00007ffe6b85d000 	C:\Windows\System32\KERNELBASE.dll
0x00007ffe6ea60000 - 0x00007ffe6eb02000 	C:\Windows\System32\ADVAPI32.dll
0x00007ffe6e770000 - 0x00007ffe6e80e000 	C:\Windows\System32\msvcrt.dll
0x00007ffe6c2b0000 - 0x00007ffe6c309000 	C:\Windows\System32\sechost.dll
0x00007ffe6c860000 - 0x00007ffe6c981000 	C:\Windows\System32\RPCRT4.dll
0x00007ffe6eb10000 - 0x00007ffe6ec75000 	C:\Windows\System32\USER32.dll
0x00007ffe6b860000 - 0x00007ffe6b87e000 	C:\Windows\System32\win32u.dll
0x00007ffe6d220000 - 0x00007ffe6d254000 	C:\Windows\System32\GDI32.dll
0x00007ffe6b180000 - 0x00007ffe6b300000 	C:\Windows\System32\gdi32full.dll
0x00007ffe5d940000 - 0x00007ffe5dbba000 	C:\Windows\WinSxS\amd64_microsoft.windows.common-controls_6595b64144ccf1df_6.0.14393.953_none_42151e83c686086b\COMCTL32.dll
0x00007ffe6c990000 - 0x00007ffe6cc58000 	C:\Windows\System32\combase.dll
0x00007ffe6b540000 - 0x00007ffe6b635000 	C:\Windows\System32\ucrtbase.dll
0x00007ffe6b4d0000 - 0x00007ffe6b53a000 	C:\Windows\System32\bcryptPrimitives.dll
0x00007ffe6c280000 - 0x00007ffe6c2ae000 	C:\Windows\System32\IMM32.DLL
0x0000000064070000 - 0x0000000064142000 	D:\JAVA\jdk1.8.0_91\jre\bin\msvcr100.dll
0x00000000637d0000 - 0x0000000064063000 	D:\JAVA\jdk1.8.0_91\jre\bin\server\jvm.dll
0x00007ffe6c210000 - 0x00007ffe6c218000 	C:\Windows\System32\PSAPI.DLL
0x00007ffe665b0000 - 0x00007ffe665b9000 	C:\Windows\SYSTEM32\WSOCK32.dll
0x00007ffe6c740000 - 0x00007ffe6c7aa000 	C:\Windows\System32\WS2_32.dll
0x00007ffe61d40000 - 0x00007ffe61d63000 	C:\Windows\SYSTEM32\WINMM.dll
0x00007ffe5fd30000 - 0x00007ffe5fd3a000 	C:\Windows\SYSTEM32\VERSION.dll
0x00007ffe691d0000 - 0x00007ffe691fb000 	C:\Windows\SYSTEM32\WINMMBASE.dll
0x00007ffe6b930000 - 0x00007ffe6b972000 	C:\Windows\System32\cfgmgr32.dll
0x0000000063790000 - 0x000000006379f000 	D:\JAVA\jdk1.8.0_91\jre\bin\verify.dll
0x0000000063760000 - 0x0000000063789000 	D:\JAVA\jdk1.8.0_91\jre\bin\java.dll
0x0000000063740000 - 0x0000000063756000 	D:\JAVA\jdk1.8.0_91\jre\bin\zip.dll
0x00007ffe6d260000 - 0x00007ffe6e768000 	C:\Windows\System32\SHELL32.dll
0x00007ffe6ba90000 - 0x00007ffe6c16a000 	C:\Windows\System32\windows.storage.dll
0x00007ffe6b100000 - 0x00007ffe6b14c000 	C:\Windows\System32\powrprof.dll
0x00007ffe6e840000 - 0x00007ffe6e892000 	C:\Windows\System32\shlwapi.dll
0x00007ffe6b150000 - 0x00007ffe6b15f000 	C:\Windows\System32\kernel.appcore.dll
0x00007ffe6b880000 - 0x00007ffe6b929000 	C:\Windows\System32\shcore.dll
0x00007ffe6b160000 - 0x00007ffe6b174000 	C:\Windows\System32\profapi.dll
0x0000000063710000 - 0x000000006372a000 	D:\JAVA\jdk1.8.0_91\jre\bin\net.dll
0x00007ffe6aa20000 - 0x00007ffe6aa7c000 	C:\Windows\system32\mswsock.dll
0x00000000636f0000 - 0x0000000063701000 	D:\JAVA\jdk1.8.0_91\jre\bin\nio.dll

VM Arguments:
jvm_args: -Dclassworlds.conf=D:\JAVA\apache-maven-3.3.9-bin\apache-maven-3.3.9\bin\m2.conf -Dmaven.home=D:\JAVA\apache-maven-3.3.9-bin\apache-maven-3.3.9 -Dmaven.multiModuleProjectDirectory=E:\workspace\estatemgmt 
java_command: org.codehaus.plexus.classworlds.launcher.Launcher tomcat7:redeploy
java_class_path (initial): D:\JAVA\apache-maven-3.3.9-bin\apache-maven-3.3.9\boot\plexus-classworlds-2.5.2.jar
Launcher Type: SUN_STANDARD

Environment Variables:
JAVA_HOME=D:\JAVA\jdk1.8.0_91
PATH=C:\Windows\system32;C:\Windows;C:\Windows\System32\Wbem;C:\Windows\System32\WindowsPowerShell\v1.0\;D:\JAVA\jdk1.8.0_91\bin;D:\JAVA\jdk1.8.0_91\jre\bin;D:\JAVA\apache-maven-3.3.9-bin\apache-maven-3.3.9\bin;D:\JAVA\TortoiseSVN\bin;D:\JAVA\mysql\bin;D:\JAVA\TortoiseSVN\bin;D:\JAVA\svn\bin;%ERLANG_HOME%\bin;C:\Users\Administrator\AppData\Local\Microsoft\WindowsApps;
USERNAME=Administrator
OS=Windows_NT
PROCESSOR_IDENTIFIER=Intel64 Family 6 Model 94 Stepping 3, GenuineIntel



---------------  S Y S T E M  ---------------

OS: Windows 10.0 , 64 bit Build 14393 (10.0.14393.1198)

CPU:total 4 (4 cores per cpu, 1 threads per core) family 6 model 94 stepping 3, cmov, cx8, fxsr, mmx, sse, sse2, sse3, ssse3, sse4.1, sse4.2, popcnt, avx, avx2, aes, clmul, erms, rtm, 3dnowpref, lzcnt, tsc, tscinvbit, bmi1, bmi2, adx

Memory: 4k page, physical 12442396k(1018120k free), swap 25549720k(4628k free)

vm_info: Java HotSpot(TM) 64-Bit Server VM (25.91-b15) for windows-amd64 JRE (1.8.0_91-b15), built on May 20 2016 17:43:15 by "java_re" with MS VC++ 10.0 (VS2010)

time: Fri May 18 14:52:05 2018
elapsed time: 63 seconds (0d 0h 1m 3s)

